iMPACT Version: 14.1

iMPACT log file Started on Thu Nov 08 09:14:30 2012

Welcome to iMPACT
iMPACT Version: 14.1
Project: 'C:\Xilinx\14.1\ISE_DS\\auto_project.ipf' already exists.
Original project has been renamed to'C:\Xilinx\14.1\ISE_DS\\auto_project_1.ipf'.
Project: C:\Xilinx\14.1\ISE_DS\\auto_project.ipf created.
// *** BATCH CMD : setMode -bs
GUI --- Auto connect to cable...
// *** BATCH CMD : setCable -port auto
INFO:iMPACT - Digilent Plugin: Plugin Version: 2.2.10
INFO:iMPACT - Digilent Plugin: no JTAG device was found.
AutoDetecting cable. Please wait.
PROGRESS_START - Starting Operation.
Connecting to cable (Usb Port - USB21).
Checking cable driver.
 Driver file xusb_emb.sys found.
 Driver version: src=1029, dest=1029.
 Driver windrvr6.sys version = 10.2.1.0. WinDriver v10.21 Jungo (c) 1997 - 2010 Build Date: Aug 31 2010 x86_64 64bit SYS14:14:44, version = 1021.
 Cable PID = 0008.
 Max current requested during enumeration is 74 mA.
Type = 0x0004.
 Cable Type = 3, Revision = 0.
 Setting cable speed to 6 MHz.
Cable connection established.
Firmware version = 1029.
File version of C:/Xilinx/14.1/ISE_DS/ISE/data/xusb_xlp.hex = 1303.
Firmware hex file version = 1303.
Downloading C:/Xilinx/14.1/ISE_DS/ISE/data/xusb_xlp.hex.
Downloaded firmware version = 1303.
PLD file version = 0012h.
 PLD version = 0012h.
PROGRESS_END - End Operation.
Elapsed time =      1 sec.
Type = 0x0004.
 ESN device is not available for this cable.
Attempting to identify devices in the boundary-scan chain configuration...
INFO:iMPACT - Current time: 08.11.2012 09:14:37
// *** BATCH CMD : Identify -inferir 
PROGRESS_START - Starting Operation.
Identifying chain contents...'0': : Manufacturer's ID = Xilinx xc2c128, Version : 1
INFO:iMPACT:1777 - 
   Reading C:/Xilinx/14.1/ISE_DS/ISE/xbr/data/xc2c128.bsd...
INFO:iMPACT:501 - '1': Added Device xc2c128 successfully.
----------------------------------------------------------------------
done.
PROGRESS_END - End Operation.
Elapsed time =      0 sec.
// *** BATCH CMD : identifyMPM 
// *** BATCH CMD : assignFile -p 1 -file "D:/SpinLink2/main.jed"
'1': Loading file 'D:/SpinLink2/main.jed' ...
done.
INFO:iMPACT:501 - '1': Added Device xc2c128 successfully.
----------------------------------------------------------------------
INFO:iMPACT - Current time: 08.11.2012 09:15:41
// *** BATCH CMD : Program -p 1 -e -v 
Maximum TCK operating frequency for this device chain: 33000000.
Validating chain...
Boundary-scan chain validated successfully.
'1': Erasing device...
PROGRESS_START - Starting Operation.
'1': Erasure completed successfully.
'1': Programming device...
done.
'1': Verifying device...
done.
'1': Setting ISC done bits...done
'1': Programming completed successfully.
PROGRESS_END - End Operation.
Elapsed time =      2 sec.
// *** BATCH CMD : assignFile -p 1 -file "D:/SpinLink2/main.jed"
'1': Loading file 'D:/SpinLink2/main.jed' ...
done.
INFO:iMPACT:501 - '1': Added Device xc2c128 successfully.
----------------------------------------------------------------------
INFO:iMPACT - Current time: 08.11.2012 09:38:33
// *** BATCH CMD : Program -p 1 -e -v 
INFO:iMPACT:583 - '1': The idcode read from the device does not match the idcode   in the bsdl File.
INFO:iMPACT:1578 - '1':  Device IDCODE :        00001111111111111000111111111111
INFO:iMPACT:1579 - '1': Expected IDCODE:    00000110110110001000000010010011
PROGRESS_START - Starting Operation.
PROGRESS_END - End Operation.
Elapsed time =      0 sec.
Cable is not connected.
GUI --- Auto connect to cable...
// *** BATCH CMD : setCable -port auto
INFO:iMPACT - Digilent Plugin: Plugin Version: 2.2.10
INFO:iMPACT - Digilent Plugin: no JTAG device was found.
AutoDetecting cable. Please wait.
PROGRESS_START - Starting Operation.
Connecting to cable (Usb Port - USB21).
Checking cable driver.
 Driver file xusb_emb.sys found.
 Driver version: src=1029, dest=1029.
 Driver windrvr6.sys version = 10.2.1.0. WinDriver v10.21 Jungo (c) 1997 - 2010 Build Date: Aug 31 2010 x86_64 64bit SYS14:14:44, version = 1021.
 Cable PID = 0008.
 Max current requested during enumeration is 74 mA.
Type = 0x0004.
 Cable Type = 3, Revision = 0.
 Setting cable speed to 6 MHz.
Cable connection established.
Firmware version = 1029.
File version of C:/Xilinx/14.1/ISE_DS/ISE/data/xusb_xlp.hex = 1303.
Firmware hex file version = 1303.
Downloading C:/Xilinx/14.1/ISE_DS/ISE/data/xusb_xlp.hex.
Downloaded firmware version = 1303.
PLD file version = 0012h.
 PLD version = 0012h.
PROGRESS_END - End Operation.
Elapsed time =      1 sec.
Type = 0x0004.
 ESN device is not available for this cable.
INFO:iMPACT - Current time: 08.11.2012 09:44:41
// *** BATCH CMD : Verify -p 1 
Maximum TCK operating frequency for this device chain: 33000000.
Validating chain...
Boundary-scan chain validated successfully.
'1': Verifying device...
PROGRESS_START - Starting Operation.
done.
'1': Verification completed successfully.
PROGRESS_END - End Operation.
Elapsed time =      0 sec.
Cable is not connected.
// *** BATCH CMD : assignFile -p 1 -file "D:/SpinLink2/main.jed"
'1': Loading file 'D:/SpinLink2/main.jed' ...
done.
INFO:iMPACT:501 - '1': Added Device xc2c128 successfully.
----------------------------------------------------------------------
GUI --- Auto connect to cable...
// *** BATCH CMD : setCable -port auto
INFO:iMPACT - Digilent Plugin: Plugin Version: 2.2.10
INFO:iMPACT - Digilent Plugin: no JTAG device was found.
AutoDetecting cable. Please wait.
PROGRESS_START - Starting Operation.
Connecting to cable (Usb Port - USB21).
Checking cable driver.
 Driver file xusb_emb.sys found.
 Driver version: src=1029, dest=1029.
 Driver windrvr6.sys version = 10.2.1.0. WinDriver v10.21 Jungo (c) 1997 - 2010 Build Date: Aug 31 2010 x86_64 64bit SYS14:14:44, version = 1021.
 Cable PID = 0008.
 Max current requested during enumeration is 74 mA.
Type = 0x0004.
 Cable Type = 3, Revision = 0.
 Setting cable speed to 6 MHz.
Cable connection established.
Firmware version = 1029.
File version of C:/Xilinx/14.1/ISE_DS/ISE/data/xusb_xlp.hex = 1303.
Firmware hex file version = 1303.
Downloading C:/Xilinx/14.1/ISE_DS/ISE/data/xusb_xlp.hex.
Downloaded firmware version = 1303.
PLD file version = 0012h.
 PLD version = 0012h.
PROGRESS_END - End Operation.
Elapsed time =      1 sec.
Type = 0x0004.
 ESN device is not available for this cable.
INFO:iMPACT - Current time: 12.11.2012 10:25:50
// *** BATCH CMD : Program -p 1 -e -v 
Maximum TCK operating frequency for this device chain: 33000000.
Validating chain...
Boundary-scan chain validated successfully.
'1': Erasing device...
PROGRESS_START - Starting Operation.
'1': Erasure completed successfully.
'1': Programming device...
done.
'1': Verifying device...
done.
'1': Setting ISC done bits...done
'1': Programming completed successfully.
PROGRESS_END - End Operation.
Elapsed time =      1 sec.
INFO:iMPACT - Current time: 12.11.2012 10:25:53
// *** BATCH CMD : Verify -p 1 
Maximum TCK operating frequency for this device chain: 33000000.
Validating chain...
Boundary-scan chain validated successfully.
'1': Verifying device...
PROGRESS_START - Starting Operation.
done.
'1': Verification completed successfully.
PROGRESS_END - End Operation.
Elapsed time =      0 sec.
INFO:iMPACT - Current time: 12.11.2012 10:28:43
// *** BATCH CMD : Verify -p 1 
INFO:iMPACT:583 - '1': The idcode read from the device does not match the idcode   in the bsdl File.
INFO:iMPACT:1578 - '1':  Device IDCODE :        00000000000000000000000000000000
INFO:iMPACT:1579 - '1': Expected IDCODE:    00000110110110001000000010010011
PROGRESS_START - Starting Operation.
PROGRESS_END - End Operation.
Elapsed time =      0 sec.
INFO:iMPACT - Current time: 12.11.2012 10:28:45
// *** BATCH CMD : Program -p 1 -e -v 
INFO:iMPACT:583 - '1': The idcode read from the device does not match the idcode   in the bsdl File.
INFO:iMPACT:1578 - '1':  Device IDCODE :        00001111111111111000111111111111
INFO:iMPACT:1579 - '1': Expected IDCODE:    00000110110110001000000010010011
PROGRESS_START - Starting Operation.
PROGRESS_END - End Operation.
Elapsed time =      0 sec.
INFO:iMPACT - Current time: 12.11.2012 10:28:51
// *** BATCH CMD : Verify -p 1 
Maximum TCK operating frequency for this device chain: 33000000.
Validating chain...
Boundary-scan chain validated successfully.
'1': Verifying device...
'1': Verification terminated due to errors
'1': Failed at address 0.
'1': Verification terminated due to errors
PROGRESS_START - Starting Operation.
PROGRESS_END - End Operation.
Elapsed time =      0 sec.
INFO:iMPACT - Current time: 12.11.2012 10:28:52
// *** BATCH CMD : Program -p 1 -e -v 
Maximum TCK operating frequency for this device chain: 33000000.
Validating chain...
Boundary-scan chain validated successfully.
'1': Erasing device...
PROGRESS_START - Starting Operation.
'1': Erasure completed successfully.
'1': Programming device...
done.
'1': Verifying device...
done.
'1': Setting ISC done bits...done
'1': Programming completed successfully.
PROGRESS_END - End Operation.
Elapsed time =      1 sec.
INFO:iMPACT - Current time: 12.11.2012 10:28:56
// *** BATCH CMD : Verify -p 1 
Maximum TCK operating frequency for this device chain: 33000000.
Validating chain...
Boundary-scan chain validated successfully.
'1': Verifying device...
PROGRESS_START - Starting Operation.
done.
'1': Verification completed successfully.
PROGRESS_END - End Operation.
Elapsed time =      0 sec.
INFO:iMPACT - Current time: 12.11.2012 10:29:55
// *** BATCH CMD : Program -p 1 -e -v 
Maximum TCK operating frequency for this device chain: 33000000.
Validating chain...
Boundary-scan chain validated successfully.
'1': Erasing device...
PROGRESS_START - Starting Operation.
'1': Erasure completed successfully.
'1': Programming device...
done.
'1': Verifying device...
done.
'1': Setting ISC done bits...done
'1': Programming completed successfully.
PROGRESS_END - End Operation.
Elapsed time =      1 sec.
INFO:iMPACT - Current time: 12.11.2012 10:29:59
// *** BATCH CMD : Verify -p 1 
Maximum TCK operating frequency for this device chain: 33000000.
Validating chain...
Boundary-scan chain validated successfully.
'1': Verifying device...
PROGRESS_START - Starting Operation.
done.
'1': Verification completed successfully.
PROGRESS_END - End Operation.
Elapsed time =      0 sec.
INFO:iMPACT - Current time: 12.11.2012 10:30:55
// *** BATCH CMD : Program -p 1 -e -v 
Maximum TCK operating frequency for this device chain: 33000000.
Validating chain...
Boundary-scan chain validated successfully.
'1': Erasing device...
PROGRESS_START - Starting Operation.
'1': Erasure completed successfully.
'1': Programming device...
done.
'1': Verifying device...
done.
'1': Setting ISC done bits...done
'1': Programming completed successfully.
PROGRESS_END - End Operation.
Elapsed time =      1 sec.
Cable is not connected.
Project: 'C:\Xilinx\14.1\ISE_DS\\auto_project.ipf' created.
// *** BATCH CMD : setMode -bs
// *** BATCH CMD : setMode -ss
// *** BATCH CMD : setMode -sm
// *** BATCH CMD : setMode -hw140
// *** BATCH CMD : setMode -spi
// *** BATCH CMD : setMode -acecf
// *** BATCH CMD : setMode -acempm
// *** BATCH CMD : setMode -pff
// *** BATCH CMD : setMode -bs
// *** BATCH CMD : saveProjectFile -file"C:\Xilinx\14.1\ISE_DS\\auto_project.ipf"
// *** BATCH CMD : setMode -bs
INFO:iMPACT - Launching WebTalk, please refer to the webtalk log at   C:\Xilinx\14.1\ISE_DS\webtalk.log for details.
INFO:iMPACT - Running wbtc successfully.
// *** BATCH CMD : setMode -bs
// *** BATCH CMD : deleteDevice -position 1
// *** BATCH CMD : setMode -bs
// *** BATCH CMD : setMode -ss
// *** BATCH CMD : setMode -sm
// *** BATCH CMD : setMode -hw140
// *** BATCH CMD : setMode -spi
// *** BATCH CMD : setMode -acecf
// *** BATCH CMD : setMode -acempm
// *** BATCH CMD : setMode -pff
